Terminal 1
milio48@INBook_X1 MINGW64 /d/fz/project/rmte/rmte (main)
$ ./rmte.exe serve --port=8080
Relay Server started on :8080
Host connected. Session: a4fc7500
Viewer v-e29215aa connected to session a4fc7500
Viewer v-web-30d3f2cd connected to session a4fc7500
Viewer v-e29215aa disconnected from session a4fc7500




Terminal 2

milio48@INBook_X1 MINGW64 /d/fz/project/rmte/rmte (main)
$ ./rmte.exe share --server="ws://localhost:8080/ws" --pass="rahasia123"
Session ID: a4fc7500
Share this ID with viewers to join.
2026/05/17 04:17:54 PTY not supported on Windows, falling back to Pipes for Tab 0
2026/05/17 04:18:21 PTY not supported on Windows, falling back to Pipes for Tab 1
2026/05/17 04:18:46 PTY not supported on Windows, falling back to Pipes for Tab 2






Terminal 3 : 
sempat gagal tambah tab. saya coba tambah tab via web bisa terbaca.
tapi transaksi terminal terlalu kacau. cli aktif di tab 1. web interaksi ke tab 2. tapi cli malah ikut merespon.

milio48@INBook_X1 MINGW64 /d/fz/project/rmte/rmte (main)
$ ./rmte.exe join --server="ws://localhost:8080/ws" --id="a4fc7500" --pass
="rahasia123"
Connected as v-e29215aa

--- RMTE MENU ---
Current Tab: 0
Available Tabs: [0]
Commands: [j] Join Tab, [n] New Tab, [s] Switch Tab, [q] Quit
> j
Joining Tab 0... (Press Ctrl+] to exit back to menu)
Microsoft Windows [Version 10.0.26200.8457]
(c) Microsoft Corporation. All rights reserved.

ls\fz\project\rmte\rmte>ls
crypto.go
go.mod
go.sum
host.go
identity.go
main.go
rmte.exe
server.go
ui
viewer.go
web.go

D:\fz\project\rmte\rmte>
--- RMTE MENU ---
Current Tab: 0
Available Tabs: [0]
Commands: [j] Join Tab, [n] New Tab, [s] Switch Tab, [q] Quit
> n
Requesting new tab...

--- RMTE MENU ---
Current Tab: 0
Available Tabs: [0]
Commands: [j] Join Tab, [n] New Tab, [s] Switch Tab, [q] Quit
> Microsoft Windows [Version 10.0.26200.8457]
(c) Microsoft Corporation. All rights reserved.

D:\fz\project\rmte\rmte>ls
crypto.go
go.mod
go.sum
host.go
identity.go
main.go
rmte.exe
server.go
ui
viewer.go
web.go

D:\fz\project\rmte\rmte>Microsoft Windows [Version 10.0.26200.8457]
(c) Microsoft Corporation. All rights reserved.

D:\fz\project\rmte\rmte>ls
crypto.go
go.mod
go.sum
host.go
identity.go
main.go
rmte.exe
server.go
ui
viewer.go
web.go

D:\fz\project\rmte\rmte>^]

--- RMTE MENU ---
Current Tab: 0
Available Tabs: [0 1 2]
Commands: [j] Join Tab, [n] New Tab, [s] Switch Tab, [q] Quit
> Microsoft Windows [Version 10.0.26200.8457]
(c) Microsoft Corporation. All rights reserved.

D:\fz\project\rmte\rmte>ls
crypto.go
go.mod
go.sum
host.go
identity.go
main.go
rmte.exe
server.go
ui
viewer.go
web.go

D:\fz\project\rmte\rmte>
--- RMTE MENU ---


milio48@INBook_X1 MINGW64 /d/fz/project/rmte/rmte (main)
$



via web : tampilan terminal kacau. bisa tambah tab.
tolong tambahkan hook/debug dan print di console devtool sebagai json/array. agar bisa saya kirim ke kamu.