Terminal 1
milio48@INBook_X1 MINGW64 /d/fz/project/rmte/rmte (main)
$ ./rmte.exe serve --port=8080
Relay Server started on :8080
Host connected. Session: 578872b4
Viewer v-e29215aa connected to session 578872b4
Viewer v-web-0709c630 connected to session 578872b4


review terminal 1 :



Terminal 2
milio48@INBook_X1 MINGW64 /d/fz/project/rmte/rmte (main)
$ ./rmte.exe share --server="ws://localhost:8080/ws" --pass="rahasia123"
Session ID: 578872b4
Share this ID with viewers to join.
2026/05/17 05:17:00 PTY not supported on Windows, falling back to Pipes for Tab 0
2026/05/17 05:17:21 PTY not supported on Windows, falling back to Pipes for Tab 1
2026/05/17 05:18:19 PTY not supported on Windows, falling back to Pipes for Tab 2
2026/05/17 05:19:14 PTY not supported on Windows, falling back to Pipes for Tab 3


review terminal 2 :



Terminal 3

milio48@INBook_X1 MINGW64 /d/fz/project/rmte/rmte (main)
$ ./rmte.exe join --server="ws://localhost:8080/ws" --id="578872b4" --pass="rahasia123"
Connected as v-e29215aa

--- RMTE MENU ---
Current Tab: 0
Available Tabs: [0]
Commands: [j] Join Tab, [n] New Tab, [s] Switch Tab, [q] Quit
> n
Requesting new tab...

--- RMTE MENU ---
Current Tab: 0
Available Tabs: [0]
Commands: [j] Join Tab, [n] New Tab, [s] Switch Tab, [q] Quit
> s
Enter Tab ID: 1

--- RMTE MENU ---
Current Tab: 1
Available Tabs: [0 1]
Commands: [j] Join Tab, [n] New Tab, [s] Switch Tab, [q] Quit
> j
Joining Tab 1... (Press Ctrl+] to exit back to menu)
Microsoft Windows [Version 10.0.26200.8457]
(c) Microsoft Corporation. All rights reserved.

D:\fz\project\rmte\rmte>ls
ls
crypto.go
go.mod
go.sum
host.go
identity.go
main.go
rmte.exe
server.go
ui
viewer.go
web.go

D:\fz\project\rmte\rmte>whoami
whoami
milio48

D:\fz\project\rmte\rmte>
--- RMTE MENU ---
Current Tab: 1
Available Tabs: [0 1 2]
Commands: [j] Join Tab, [n] New Tab, [s] Switch Tab, [q] Quit
> s
Enter Tab ID: 2

--- RMTE MENU ---
Current Tab: 2
Available Tabs: [0 1 2]
Commands: [j] Join Tab, [n] New Tab, [s] Switch Tab, [q] Quit
> j
Joining Tab 2... (Press Ctrl+] to exit back to menu)
Microsoft Windows [Version 10.0.26200.8457]
(c) Microsoft Corporation. All rights reserved.

D:\fz\project\rmte\rmte>whoami
milio48

D:\fz\project\rmte\rmte>echo "from web
"from web

D:\fz\project\rmte\rmte>echo "from cli
echo "from cli
"from cli

D:\fz\project\rmte\rmte>
--- RMTE MENU ---
Current Tab: 2
Available Tabs: [0 1 2]
Commands: [j] Join Tab, [n] New Tab, [s] Switch Tab, [q] Quit
> n
Requesting new tab...

--- RMTE MENU ---
Current Tab: 2
Available Tabs: [0 1 2]
Commands: [j] Join Tab, [n] New Tab, [s] Switch Tab, [q] Quit
>
review terminal 3 : aneh banget gak sih pengelolaan tab?






Via Web :
[RMTE_DEBUG] {"time":"2026-05-16T22:17:58.733Z","direction":"OUT","type":"auth","payload":{"type":"auth","role":"viewer","session_id":"578872b4","viewer_id":"v-web-0709c630"}}
xterm.js:10 [RMTE_DEBUG] {"time":"2026-05-16T22:17:58.735Z","direction":"IN","type":"json","payload":{"type":"auth_success"}}
xterm.js:10 [RMTE_DEBUG] {"time":"2026-05-16T22:17:58.762Z","direction":"OUT","type":"json","payload":{"type":"control","action":"req_sync","tab_id":0}}
xterm.js:10 [RMTE_DEBUG] {"time":"2026-05-16T22:17:58.772Z","direction":"IN","type":"binary_text","payload":{"tabId":0,"text":"Microsoft Windows [Version 10.0.26200.8457]\r\n(c) Microsoft Corporation. All rights reserved.\r\n\r\nD:\\fz\\project\\rmte\\rmte>"}}
# mana list tab nya?
VM441:1 Uncaught SyntaxError: Invalid or unexpected tokenUnderstand this error
xterm.js:10 [RMTE_DEBUG] {"time":"2026-05-16T22:18:16.423Z","direction":"OUT","type":"binary_text_input","payload":{"tabId":0,"text":"l"}}
xterm.js:10 [RMTE_DEBUG] {"time":"2026-05-16T22:18:16.431Z","direction":"IN","type":"binary_text","payload":{"tabId":0,"text":"l"}}
xterm.js:10 [RMTE_DEBUG] {"time":"2026-05-16T22:18:16.527Z","direction":"OUT","type":"binary_text_input","payload":{"tabId":0,"text":"s"}}
xterm.js:10 [RMTE_DEBUG] {"time":"2026-05-16T22:18:16.530Z","direction":"IN","type":"binary_text","payload":{"tabId":0,"text":"s"}}
xterm.js:10 [RMTE_DEBUG] {"time":"2026-05-16T22:18:17.550Z","direction":"OUT","type":"binary_text_input","payload":{"tabId":0,"text":"\r"}}
xterm.js:10 [RMTE_DEBUG] {"time":"2026-05-16T22:18:17.564Z","direction":"IN","type":"binary_text","payload":{"tabId":0,"text":"\r\n"}}
xterm.js:10 [RMTE_DEBUG] {"time":"2026-05-16T22:18:17.566Z","direction":"IN","type":"binary_text","payload":{"tabId":0,"text":"ls\n"}}
xterm.js:10 [RMTE_DEBUG] {"time":"2026-05-16T22:18:17.602Z","direction":"IN","type":"binary_text","payload":{"tabId":0,"text":"crypto.go\ngo.mod\ngo.sum\nhost.go\nidentity.go\nmain.go\nrmte.exe\nserver.go\nui\nviewer.go\nweb.go\n"}}
xterm.js:10 [RMTE_DEBUG] {"time":"2026-05-16T22:18:17.629Z","direction":"IN","type":"binary_text","payload":{"tabId":0,"text":"\r\n"}}
xterm.js:10 [RMTE_DEBUG] {"time":"2026-05-16T22:18:17.630Z","direction":"IN","type":"binary_text","payload":{"tabId":0,"text":"D:\\fz\\project\\rmte\\rmte>"}}
xterm.js:10 [RMTE_DEBUG] {"time":"2026-05-16T22:18:19.781Z","direction":"OUT","type":"json","payload":{"type":"control","action":"request_new_tab"}}
xterm.js:10 [RMTE_DEBUG] {"time":"2026-05-16T22:18:19.791Z","direction":"IN","type":"json","payload":{"action":"tab_created","tab_id":2,"type":"control"}}
xterm.js:10 [RMTE_DEBUG] {"time":"2026-05-16T22:18:19.828Z","direction":"IN","type":"binary_text","payload":{"tabId":2,"text":"Microsoft Windows [Version 10.0.26200.8457]"}}
xterm.js:10 [RMTE_DEBUG] {"time":"2026-05-16T22:18:19.837Z","direction":"IN","type":"binary_text","payload":{"tabId":2,"text":"\r\n(c) Microsoft Corporation. All rights reserved.\r\n\r\nD:\\fz\\project\\rmte\\rmte>"}}
xterm.js:10 [RMTE_DEBUG] {"time":"2026-05-16T22:18:21.288Z","direction":"OUT","type":"json","payload":{"type":"control","action":"req_sync","tab_id":2}}
xterm.js:10 [RMTE_DEBUG] {"time":"2026-05-16T22:18:21.300Z","direction":"IN","type":"binary_text","payload":{"tabId":2,"text":"Microsoft Windows [Version 10.0.26200.8457]\r\n(c) Microsoft Corporation. All rights reserved.\r\n\r\nD:\\fz\\project\\rmte\\rmte>"}}
xterm.js:10 [RMTE_DEBUG] {"time":"2026-05-16T22:18:25.769Z","direction":"OUT","type":"binary_text_input","payload":{"tabId":2,"text":"w"}}
xterm.js:10 [RMTE_DEBUG] {"time":"2026-05-16T22:18:25.781Z","direction":"IN","type":"binary_text","payload":{"tabId":2,"text":"w"}}
xterm.js:10 [RMTE_DEBUG] {"time":"2026-05-16T22:18:25.859Z","direction":"OUT","type":"binary_text_input","payload":{"tabId":2,"text":"h"}}
xterm.js:10 [RMTE_DEBUG] {"time":"2026-05-16T22:18:25.864Z","direction":"IN","type":"binary_text","payload":{"tabId":2,"text":"h"}}
xterm.js:10 [RMTE_DEBUG] {"time":"2026-05-16T22:18:25.935Z","direction":"OUT","type":"binary_text_input","payload":{"tabId":2,"text":"o"}}
xterm.js:10 [RMTE_DEBUG] {"time":"2026-05-16T22:18:25.947Z","direction":"IN","type":"binary_text","payload":{"tabId":2,"text":"o"}}
xterm.js:10 [RMTE_DEBUG] {"time":"2026-05-16T22:18:26.073Z","direction":"OUT","type":"binary_text_input","payload":{"tabId":2,"text":"a"}}
xterm.js:10 [RMTE_DEBUG] {"time":"2026-05-16T22:18:26.081Z","direction":"IN","type":"binary_text","payload":{"tabId":2,"text":"a"}}
xterm.js:10 [RMTE_DEBUG] {"time":"2026-05-16T22:18:26.184Z","direction":"OUT","type":"binary_text_input","payload":{"tabId":2,"text":"m"}}
xterm.js:10 [RMTE_DEBUG] {"time":"2026-05-16T22:18:26.200Z","direction":"IN","type":"binary_text","payload":{"tabId":2,"text":"m"}}
xterm.js:10 [RMTE_DEBUG] {"time":"2026-05-16T22:18:26.281Z","direction":"OUT","type":"binary_text_input","payload":{"tabId":2,"text":"i"}}
xterm.js:10 [RMTE_DEBUG] {"time":"2026-05-16T22:18:26.297Z","direction":"IN","type":"binary_text","payload":{"tabId":2,"text":"i"}}
xterm.js:10 [RMTE_DEBUG] {"time":"2026-05-16T22:18:26.524Z","direction":"OUT","type":"binary_text_input","payload":{"tabId":2,"text":"\r"}}
xterm.js:10 [RMTE_DEBUG] {"time":"2026-05-16T22:18:26.535Z","direction":"IN","type":"binary_text","payload":{"tabId":2,"text":"\r\n"}}
xterm.js:10 [RMTE_DEBUG] {"time":"2026-05-16T22:18:26.536Z","direction":"IN","type":"binary_text","payload":{"tabId":2,"text":"whoami\n"}}
xterm.js:10 [RMTE_DEBUG] {"time":"2026-05-16T22:18:26.586Z","direction":"IN","type":"binary_text","payload":{"tabId":2,"text":"milio48\n"}}
xterm.js:10 [RMTE_DEBUG] {"time":"2026-05-16T22:18:26.589Z","direction":"IN","type":"binary_text","payload":{"tabId":2,"text":"\r\n"}}
xterm.js:10 [RMTE_DEBUG] {"time":"2026-05-16T22:18:26.589Z","direction":"IN","type":"binary_text","payload":{"tabId":2,"text":"D:\\fz\\project\\rmte\\rmte>"}}
xterm.js:10 [RMTE_DEBUG] {"time":"2026-05-16T22:18:33.787Z","direction":"OUT","type":"binary_text_input","payload":{"tabId":2,"text":"e"}}
xterm.js:10 [RMTE_DEBUG] {"time":"2026-05-16T22:18:33.799Z","direction":"IN","type":"binary_text","payload":{"tabId":2,"text":"e"}}
xterm.js:10 [RMTE_DEBUG] {"time":"2026-05-16T22:18:34.014Z","direction":"OUT","type":"binary_text_input","payload":{"tabId":2,"text":"c"}}
xterm.js:10 [RMTE_DEBUG] {"time":"2026-05-16T22:18:34.030Z","direction":"IN","type":"binary_text","payload":{"tabId":2,"text":"c"}}
xterm.js:10 [RMTE_DEBUG] {"time":"2026-05-16T22:18:34.105Z","direction":"OUT","type":"binary_text_input","payload":{"tabId":2,"text":"h"}}
xterm.js:10 [RMTE_DEBUG] {"time":"2026-05-16T22:18:34.114Z","direction":"IN","type":"binary_text","payload":{"tabId":2,"text":"h"}}
xterm.js:10 [RMTE_DEBUG] {"time":"2026-05-16T22:18:34.212Z","direction":"OUT","type":"binary_text_input","payload":{"tabId":2,"text":"o"}}
xterm.js:10 [RMTE_DEBUG] {"time":"2026-05-16T22:18:34.213Z","direction":"IN","type":"binary_text","payload":{"tabId":2,"text":"o"}}
xterm.js:10 [RMTE_DEBUG] {"time":"2026-05-16T22:18:34.318Z","direction":"OUT","type":"binary_text_input","payload":{"tabId":2,"text":" "}}
xterm.js:10 [RMTE_DEBUG] {"time":"2026-05-16T22:18:34.334Z","direction":"IN","type":"binary_text","payload":{"tabId":2,"text":" "}}
xterm.js:10 [RMTE_DEBUG] {"time":"2026-05-16T22:18:36.908Z","direction":"OUT","type":"binary_text_input","payload":{"tabId":2,"text":"\""}}
xterm.js:10 [RMTE_DEBUG] {"time":"2026-05-16T22:18:36.913Z","direction":"IN","type":"binary_text","payload":{"tabId":2,"text":"\""}}
xterm.js:10 [RMTE_DEBUG] {"time":"2026-05-16T22:18:37.060Z","direction":"OUT","type":"binary_text_input","payload":{"tabId":2,"text":"\""}}
xterm.js:10 [RMTE_DEBUG] {"time":"2026-05-16T22:18:37.064Z","direction":"IN","type":"binary_text","payload":{"tabId":2,"text":"\""}}
xterm.js:10 [RMTE_DEBUG] {"time":"2026-05-16T22:18:37.537Z","direction":"OUT","type":"binary_text_input","payload":{"tabId":2,"text":"\u001b[D"}}
xterm.js:10 [RMTE_DEBUG] {"time":"2026-05-16T22:18:37.547Z","direction":"IN","type":"binary_text","payload":{"tabId":2,"text":"\u001b"}}
xterm.js:10 [RMTE_DEBUG] {"time":"2026-05-16T22:18:37.548Z","direction":"IN","type":"binary_text","payload":{"tabId":2,"text":"["}}
xterm.js:10 [RMTE_DEBUG] {"time":"2026-05-16T22:18:37.549Z","direction":"IN","type":"binary_text","payload":{"tabId":2,"text":"D"}}
xterm.js:10 [RMTE_DEBUG] {"time":"2026-05-16T22:18:37.751Z","direction":"OUT","type":"binary_text_input","payload":{"tabId":2,"text":"f"}}
xterm.js:10 [RMTE_DEBUG] {"time":"2026-05-16T22:18:37.764Z","direction":"IN","type":"binary_text","payload":{"tabId":2,"text":"f"}}
xterm.js:10 [RMTE_DEBUG] {"time":"2026-05-16T22:18:38.153Z","direction":"OUT","type":"binary_text_input","payload":{"tabId":2,"text":"r"}}
xterm.js:10 [RMTE_DEBUG] {"time":"2026-05-16T22:18:38.166Z","direction":"IN","type":"binary_text","payload":{"tabId":2,"text":"r"}}
xterm.js:10 [RMTE_DEBUG] {"time":"2026-05-16T22:18:38.330Z","direction":"OUT","type":"binary_text_input","payload":{"tabId":2,"text":"o"}}
xterm.js:10 [RMTE_DEBUG] {"time":"2026-05-16T22:18:38.333Z","direction":"IN","type":"binary_text","payload":{"tabId":2,"text":"o"}}
xterm.js:10 [RMTE_DEBUG] {"time":"2026-05-16T22:18:38.460Z","direction":"OUT","type":"binary_text_input","payload":{"tabId":2,"text":"m"}}
xterm.js:10 [RMTE_DEBUG] {"time":"2026-05-16T22:18:38.463Z","direction":"IN","type":"binary_text","payload":{"tabId":2,"text":"m"}}
xterm.js:10 [RMTE_DEBUG] {"time":"2026-05-16T22:18:38.526Z","direction":"OUT","type":"binary_text_input","payload":{"tabId":2,"text":" "}}
xterm.js:10 [RMTE_DEBUG] {"time":"2026-05-16T22:18:38.532Z","direction":"IN","type":"binary_text","payload":{"tabId":2,"text":" "}}
xterm.js:10 [RMTE_DEBUG] {"time":"2026-05-16T22:18:38.632Z","direction":"OUT","type":"binary_text_input","payload":{"tabId":2,"text":"w"}}
xterm.js:10 [RMTE_DEBUG] {"time":"2026-05-16T22:18:38.647Z","direction":"IN","type":"binary_text","payload":{"tabId":2,"text":"w"}}
xterm.js:10 [RMTE_DEBUG] {"time":"2026-05-16T22:18:38.693Z","direction":"OUT","type":"binary_text_input","payload":{"tabId":2,"text":"e"}}
xterm.js:10 [RMTE_DEBUG] {"time":"2026-05-16T22:18:38.697Z","direction":"IN","type":"binary_text","payload":{"tabId":2,"text":"e"}}
xterm.js:10 [RMTE_DEBUG] {"time":"2026-05-16T22:18:38.800Z","direction":"OUT","type":"binary_text_input","payload":{"tabId":2,"text":"b"}}
xterm.js:10 [RMTE_DEBUG] {"time":"2026-05-16T22:18:38.814Z","direction":"IN","type":"binary_text","payload":{"tabId":2,"text":"b"}}
xterm.js:10 [RMTE_DEBUG] {"time":"2026-05-16T22:18:39.175Z","direction":"OUT","type":"binary_text_input","payload":{"tabId":2,"text":"\r"}}
xterm.js:10 [RMTE_DEBUG] {"time":"2026-05-16T22:18:39.183Z","direction":"IN","type":"binary_text","payload":{"tabId":2,"text":"\r\n"}}
xterm.js:10 [RMTE_DEBUG] {"time":"2026-05-16T22:18:39.184Z","direction":"IN","type":"binary_text","payload":{"tabId":2,"text":"echo \"\"\u001b[Dfrom web\n"}}
xterm.js:10 [RMTE_DEBUG] {"time":"2026-05-16T22:18:39.185Z","direction":"IN","type":"binary_text","payload":{"tabId":2,"text":"\"\"\u001b[Dfrom web\r\n"}}
xterm.js:10 [RMTE_DEBUG] {"time":"2026-05-16T22:18:39.185Z","direction":"IN","type":"binary_text","payload":{"tabId":2,"text":"\r\n"}}
xterm.js:10 [RMTE_DEBUG] {"time":"2026-05-16T22:18:39.186Z","direction":"IN","type":"binary_text","payload":{"tabId":2,"text":"D:\\fz\\project\\rmte\\rmte>"}}
xterm.js:10 [RMTE_DEBUG] {"time":"2026-05-16T22:18:52.482Z","direction":"IN","type":"binary_text","payload":{"tabId":2,"text":"Microsoft Windows [Version 10.0.26200.8457]\r\n(c) Microsoft Corporation. All rights reserved.\r\n\r\nD:\\fz\\project\\rmte\\rmte>whoami\nmilio48\n\r\nD:\\fz\\project\\rmte\\rmte>echo \"\"\u001b[Dfrom web\n\"\"\u001b[Dfrom web\r\n\r\nD:\\fz\\project\\rmte\\rmte>"}}
xterm.js:10 [RMTE_DEBUG] {"time":"2026-05-16T22:18:59.190Z","direction":"IN","type":"binary_text","payload":{"tabId":2,"text":"e"}}
xterm.js:10 [RMTE_DEBUG] {"time":"2026-05-16T22:18:59.508Z","direction":"IN","type":"binary_text","payload":{"tabId":2,"text":"c"}}
xterm.js:10 [RMTE_DEBUG] {"time":"2026-05-16T22:18:59.615Z","direction":"IN","type":"binary_text","payload":{"tabId":2,"text":"h"}}
xterm.js:10 [RMTE_DEBUG] {"time":"2026-05-16T22:18:59.725Z","direction":"IN","type":"binary_text","payload":{"tabId":2,"text":"o"}}
xterm.js:10 [RMTE_DEBUG] {"time":"2026-05-16T22:18:59.897Z","direction":"IN","type":"binary_text","payload":{"tabId":2,"text":" "}}
xterm.js:10 [RMTE_DEBUG] {"time":"2026-05-16T22:19:00.873Z","direction":"IN","type":"binary_text","payload":{"tabId":2,"text":"\""}}
xterm.js:10 [RMTE_DEBUG] {"time":"2026-05-16T22:19:01.032Z","direction":"IN","type":"binary_text","payload":{"tabId":2,"text":"\""}}
xterm.js:10 [RMTE_DEBUG] {"time":"2026-05-16T22:19:01.458Z","direction":"IN","type":"binary_text","payload":{"tabId":2,"text":"\u001b"}}
xterm.js:10 [RMTE_DEBUG] {"time":"2026-05-16T22:19:01.459Z","direction":"IN","type":"binary_text","payload":{"tabId":2,"text":"["}}
xterm.js:10 [RMTE_DEBUG] {"time":"2026-05-16T22:19:01.460Z","direction":"IN","type":"binary_text","payload":{"tabId":2,"text":"D"}}
xterm.js:10 [RMTE_DEBUG] {"time":"2026-05-16T22:19:02.013Z","direction":"IN","type":"binary_text","payload":{"tabId":2,"text":"f"}}
xterm.js:10 [RMTE_DEBUG] {"time":"2026-05-16T22:19:02.253Z","direction":"IN","type":"binary_text","payload":{"tabId":2,"text":"r"}}
xterm.js:10 [RMTE_DEBUG] {"time":"2026-05-16T22:19:02.559Z","direction":"IN","type":"binary_text","payload":{"tabId":2,"text":"o"}}
xterm.js:10 [RMTE_DEBUG] {"time":"2026-05-16T22:19:02.693Z","direction":"IN","type":"binary_text","payload":{"tabId":2,"text":"m"}}
xterm.js:10 [RMTE_DEBUG] {"time":"2026-05-16T22:19:02.768Z","direction":"IN","type":"binary_text","payload":{"tabId":2,"text":" "}}
xterm.js:10 [RMTE_DEBUG] {"time":"2026-05-16T22:19:02.907Z","direction":"IN","type":"binary_text","payload":{"tabId":2,"text":"c"}}
xterm.js:10 [RMTE_DEBUG] {"time":"2026-05-16T22:19:02.994Z","direction":"IN","type":"binary_text","payload":{"tabId":2,"text":"l"}}
xterm.js:10 [RMTE_DEBUG] {"time":"2026-05-16T22:19:03.075Z","direction":"IN","type":"binary_text","payload":{"tabId":2,"text":"i"}}
xterm.js:10 [RMTE_DEBUG] {"time":"2026-05-16T22:19:03.447Z","direction":"IN","type":"binary_text","payload":{"tabId":2,"text":"\r\n"}}
xterm.js:10 [RMTE_DEBUG] {"time":"2026-05-16T22:19:03.448Z","direction":"IN","type":"binary_text","payload":{"tabId":2,"text":"echo \"\"\u001b[Dfrom cli\n"}}
xterm.js:10 [RMTE_DEBUG] {"time":"2026-05-16T22:19:03.454Z","direction":"IN","type":"binary_text","payload":{"tabId":2,"text":"\"\"\u001b[Dfrom cli\r\n"}}
xterm.js:10 [RMTE_DEBUG] {"time":"2026-05-16T22:19:03.459Z","direction":"IN","type":"binary_text","payload":{"tabId":2,"text":"\r\nD:\\fz\\project\\rmte\\rmte>"}}
xterm.js:10 [RMTE_DEBUG] {"time":"2026-05-16T22:19:14.151Z","direction":"IN","type":"json","payload":{"action":"tab_created","tab_id":3,"type":"control"}}
xterm.js:10 [RMTE_DEBUG] {"time":"2026-05-16T22:19:14.164Z","direction":"IN","type":"binary_text","payload":{"tabId":3,"text":"Microsoft Windows [Version 10.0.26200.8457]"}}
xterm.js:10 [RMTE_DEBUG] {"time":"2026-05-16T22:19:14.183Z","direction":"IN","type":"binary_text","payload":{"tabId":3,"text":"\r\n(c) Microsoft Corporation. All rights reserved.\r\n\r\nD:\\fz\\project\\rmte\\rmte>"}}
xterm.js:10 [RMTE_DEBUG] {"time":"2026-05-16T22:19:20.947Z","direction":"OUT","type":"json","payload":{"type":"control","action":"req_sync","tab_id":3}}
xterm.js:10 [RMTE_DEBUG] {"time":"2026-05-16T22:19:20.962Z","direction":"IN","type":"binary_text","payload":{"tabId":3,"text":"Microsoft Windows [Version 10.0.26200.8457]\r\n(c) Microsoft Corporation. All rights reserved.\r\n\r\nD:\\fz\\project\\rmte\\rmte>"}}
xterm.js:10 [RMTE_DEBUG] {"time":"2026-05-16T22:19:26.646Z","direction":"OUT","type":"binary_text_input","payload":{"tabId":3,"text":"#"}}
xterm.js:10 [RMTE_DEBUG] {"time":"2026-05-16T22:19:26.650Z","direction":"IN","type":"binary_text","payload":{"tabId":3,"text":"#"}}
xterm.js:10 [RMTE_DEBUG] {"time":"2026-05-16T22:19:31.118Z","direction":"OUT","type":"binary_text_input","payload":{"tabId":3,"text":""}}
xterm.js:10 [RMTE_DEBUG] {"time":"2026-05-16T22:19:31.132Z","direction":"IN","type":"binary_text","payload":{"tabId":3,"text":"\b \b"}}
xterm.js:10 [RMTE_DEBUG] {"time":"2026-05-16T22:19:33.228Z","direction":"OUT","type":"binary_text_input","payload":{"tabId":3,"text":"#"}}
xterm.js:10 [RMTE_DEBUG] {"time":"2026-05-16T22:19:33.231Z","direction":"IN","type":"binary_text","payload":{"tabId":3,"text":"#"}}
xterm.js:10 [RMTE_DEBUG] {"time":"2026-05-16T22:19:33.543Z","direction":"OUT","type":"binary_text_input","payload":{"tabId":3,"text":" "}}
xterm.js:10 [RMTE_DEBUG] {"time":"2026-05-16T22:19:33.550Z","direction":"IN","type":"binary_text","payload":{"tabId":3,"text":" "}}
xterm.js:10 [RMTE_DEBUG] {"time":"2026-05-16T22:19:34.726Z","direction":"OUT","type":"binary_text_input","payload":{"tabId":3,"text":"d"}}
xterm.js:10 [RMTE_DEBUG] {"time":"2026-05-16T22:19:34.730Z","direction":"IN","type":"binary_text","payload":{"tabId":3,"text":"d"}}
xterm.js:10 [RMTE_DEBUG] {"time":"2026-05-16T22:19:34.831Z","direction":"OUT","type":"binary_text_input","payload":{"tabId":3,"text":"i"}}
xterm.js:10 [RMTE_DEBUG] {"time":"2026-05-16T22:19:34.847Z","direction":"IN","type":"binary_text","payload":{"tabId":3,"text":"i"}}
xterm.js:10 [RMTE_DEBUG] {"time":"2026-05-16T22:19:34.938Z","direction":"OUT","type":"binary_text_input","payload":{"tabId":3,"text":" "}}
xterm.js:10 [RMTE_DEBUG] {"time":"2026-05-16T22:19:34.949Z","direction":"IN","type":"binary_text","payload":{"tabId":3,"text":" "}}
xterm.js:10 [RMTE_DEBUG] {"time":"2026-05-16T22:19:35.126Z","direction":"OUT","type":"binary_text_input","payload":{"tabId":3,"text":"w"}}
xterm.js:10 [RMTE_DEBUG] {"time":"2026-05-16T22:19:35.130Z","direction":"IN","type":"binary_text","payload":{"tabId":3,"text":"w"}}
xterm.js:10 [RMTE_DEBUG] {"time":"2026-05-16T22:19:35.205Z","direction":"OUT","type":"binary_text_input","payload":{"tabId":3,"text":"e"}}
xterm.js:10 [RMTE_DEBUG] {"time":"2026-05-16T22:19:35.213Z","direction":"IN","type":"binary_text","payload":{"tabId":3,"text":"e"}}
xterm.js:10 [RMTE_DEBUG] {"time":"2026-05-16T22:19:35.318Z","direction":"OUT","type":"binary_text_input","payload":{"tabId":3,"text":"b"}}
xterm.js:10 [RMTE_DEBUG] {"time":"2026-05-16T22:19:35.331Z","direction":"IN","type":"binary_text","payload":{"tabId":3,"text":"b"}}
xterm.js:10 [RMTE_DEBUG] {"time":"2026-05-16T22:19:35.450Z","direction":"OUT","type":"binary_text_input","payload":{"tabId":3,"text":" "}}
xterm.js:10 [RMTE_DEBUG] {"time":"2026-05-16T22:19:35.466Z","direction":"IN","type":"binary_text","payload":{"tabId":3,"text":" "}}
xterm.js:10 [RMTE_DEBUG] {"time":"2026-05-16T22:19:35.744Z","direction":"OUT","type":"binary_text_input","payload":{"tabId":3,"text":"h"}}
xterm.js:10 [RMTE_DEBUG] {"time":"2026-05-16T22:19:35.747Z","direction":"IN","type":"binary_text","payload":{"tabId":3,"text":"h"}}
xterm.js:10 [RMTE_DEBUG] {"time":"2026-05-16T22:19:35.860Z","direction":"OUT","type":"binary_text_input","payload":{"tabId":3,"text":"a"}}
xterm.js:10 [RMTE_DEBUG] {"time":"2026-05-16T22:19:35.863Z","direction":"IN","type":"binary_text","payload":{"tabId":3,"text":"a"}}
xterm.js:10 [RMTE_DEBUG] {"time":"2026-05-16T22:19:35.941Z","direction":"OUT","type":"binary_text_input","payload":{"tabId":3,"text":"n"}}
xterm.js:10 [RMTE_DEBUG] {"time":"2026-05-16T22:19:35.947Z","direction":"IN","type":"binary_text","payload":{"tabId":3,"text":"n"}}
xterm.js:10 [RMTE_DEBUG] {"time":"2026-05-16T22:19:36.094Z","direction":"OUT","type":"binary_text_input","payload":{"tabId":3,"text":"y"}}
xterm.js:10 [RMTE_DEBUG] {"time":"2026-05-16T22:19:36.097Z","direction":"IN","type":"binary_text","payload":{"tabId":3,"text":"y"}}
xterm.js:10 [RMTE_DEBUG] {"time":"2026-05-16T22:19:36.210Z","direction":"OUT","type":"binary_text_input","payload":{"tabId":3,"text":"a"}}
xterm.js:10 [RMTE_DEBUG] {"time":"2026-05-16T22:19:36.213Z","direction":"IN","type":"binary_text","payload":{"tabId":3,"text":"a"}}
xterm.js:10 [RMTE_DEBUG] {"time":"2026-05-16T22:19:36.307Z","direction":"OUT","type":"binary_text_input","payload":{"tabId":3,"text":" "}}
xterm.js:10 [RMTE_DEBUG] {"time":"2026-05-16T22:19:36.315Z","direction":"IN","type":"binary_text","payload":{"tabId":3,"text":" "}}
xterm.js:10 [RMTE_DEBUG] {"time":"2026-05-16T22:19:36.479Z","direction":"OUT","type":"binary_text_input","payload":{"tabId":3,"text":"a"}}
xterm.js:10 [RMTE_DEBUG] {"time":"2026-05-16T22:19:36.481Z","direction":"IN","type":"binary_text","payload":{"tabId":3,"text":"a"}}
xterm.js:10 [RMTE_DEBUG] {"time":"2026-05-16T22:19:36.520Z","direction":"OUT","type":"binary_text_input","payload":{"tabId":3,"text":"d"}}
xterm.js:10 [RMTE_DEBUG] {"time":"2026-05-16T22:19:36.531Z","direction":"IN","type":"binary_text","payload":{"tabId":3,"text":"d"}}
xterm.js:10 [RMTE_DEBUG] {"time":"2026-05-16T22:19:36.623Z","direction":"OUT","type":"binary_text_input","payload":{"tabId":3,"text":"a"}}
xterm.js:10 [RMTE_DEBUG] {"time":"2026-05-16T22:19:36.631Z","direction":"IN","type":"binary_text","payload":{"tabId":3,"text":"a"}}
xterm.js:10 [RMTE_DEBUG] {"time":"2026-05-16T22:19:36.717Z","direction":"OUT","type":"binary_text_input","payload":{"tabId":3,"text":" "}}
xterm.js:10 [RMTE_DEBUG] {"time":"2026-05-16T22:19:36.733Z","direction":"IN","type":"binary_text","payload":{"tabId":3,"text":" "}}
xterm.js:10 [RMTE_DEBUG] {"time":"2026-05-16T22:19:36.876Z","direction":"OUT","type":"binary_text_input","payload":{"tabId":3,"text":"t"}}
xterm.js:10 [RMTE_DEBUG] {"time":"2026-05-16T22:19:36.880Z","direction":"IN","type":"binary_text","payload":{"tabId":3,"text":"t"}}
xterm.js:10 [RMTE_DEBUG] {"time":"2026-05-16T22:19:36.970Z","direction":"OUT","type":"binary_text_input","payload":{"tabId":3,"text":"a"}}
xterm.js:10 [RMTE_DEBUG] {"time":"2026-05-16T22:19:36.980Z","direction":"IN","type":"binary_text","payload":{"tabId":3,"text":"a"}}
xterm.js:10 [RMTE_DEBUG] {"time":"2026-05-16T22:19:37.165Z","direction":"OUT","type":"binary_text_input","payload":{"tabId":3,"text":"b"}}
xterm.js:10 [RMTE_DEBUG] {"time":"2026-05-16T22:19:37.180Z","direction":"IN","type":"binary_text","payload":{"tabId":3,"text":"b"}}
xterm.js:10 [RMTE_DEBUG] {"time":"2026-05-16T22:19:37.453Z","direction":"OUT","type":"binary_text_input","payload":{"tabId":3,"text":" "}}
xterm.js:10 [RMTE_DEBUG] {"time":"2026-05-16T22:19:37.468Z","direction":"IN","type":"binary_text","payload":{"tabId":3,"text":" "}}
xterm.js:10 [RMTE_DEBUG] {"time":"2026-05-16T22:19:37.939Z","direction":"OUT","type":"binary_text_input","payload":{"tabId":3,"text":"0"}}
xterm.js:10 [RMTE_DEBUG] {"time":"2026-05-16T22:19:37.948Z","direction":"IN","type":"binary_text","payload":{"tabId":3,"text":"0"}}
xterm.js:10 [RMTE_DEBUG] {"time":"2026-05-16T22:19:38.278Z","direction":"OUT","type":"binary_text_input","payload":{"tabId":3,"text":","}}
xterm.js:10 [RMTE_DEBUG] {"time":"2026-05-16T22:19:38.282Z","direction":"IN","type":"binary_text","payload":{"tabId":3,"text":","}}
xterm.js:10 [RMTE_DEBUG] {"time":"2026-05-16T22:19:38.481Z","direction":"OUT","type":"binary_text_input","payload":{"tabId":3,"text":"2"}}
xterm.js:10 [RMTE_DEBUG] {"time":"2026-05-16T22:19:38.497Z","direction":"IN","type":"binary_text","payload":{"tabId":3,"text":"2"}}
xterm.js:10 [RMTE_DEBUG] {"time":"2026-05-16T22:19:38.702Z","direction":"OUT","type":"binary_text_input","payload":{"tabId":3,"text":","}}
xterm.js:10 [RMTE_DEBUG] {"time":"2026-05-16T22:19:38.714Z","direction":"IN","type":"binary_text","payload":{"tabId":3,"text":","}}
xterm.js:10 [RMTE_DEBUG] {"time":"2026-05-16T22:19:38.864Z","direction":"OUT","type":"binary_text_input","payload":{"tabId":3,"text":"3"}}
xterm.js:10 [RMTE_DEBUG] {"time":"2026-05-16T22:19:38.867Z","direction":"IN","type":"binary_text","payload":{"tabId":3,"text":"3"}}
xterm.js:10 [RMTE_DEBUG] {"time":"2026-05-16T22:19:39.932Z","direction":"OUT","type":"binary_text_input","payload":{"tabId":3,"text":"\r"}}
xterm.js:10 [RMTE_DEBUG] {"time":"2026-05-16T22:19:39.948Z","direction":"IN","type":"binary_text","payload":{"tabId":3,"text":"\r\n"}}
xterm.js:10 [RMTE_DEBUG] {"time":"2026-05-16T22:19:39.949Z","direction":"IN","type":"binary_text","payload":{"tabId":3,"text":"# di web hanya ada tab 0,2,3\n"}}
xterm.js:10 [RMTE_DEBUG] {"time":"2026-05-16T22:19:39.950Z","direction":"IN","type":"binary_text","payload":{"tabId":3,"text":"'#' is not recognized as an internal or external command,\r\noperable program or batch file.\r\n"}}
xterm.js:10 [RMTE_DEBUG] {"time":"2026-05-16T22:19:39.950Z","direction":"IN","type":"binary_text","payload":{"tabId":3,"text":"\r\n"}}
xterm.js:10 [RMTE_DEBUG] {"time":"2026-05-16T22:19:39.950Z","direction":"IN","type":"binary_text","payload":{"tabId":3,"text":"D:\\fz\\project\\rmte\\rmte>"}}
review web :
apa log event tab jika web belum mulai, tab yang dibuat cli tidak muncul?
ini yang terlihat di terminal web

D:\fz\project\rmte\rmte>ls
                          crypto.go
                                   go.mod
                                         go.sum
                                               host.go
                                                      identity.go
                                                                 main.go
                                                                        rmte.exe
                                                                               server.go
        ui
          viewer.go
                   web.go