Terminal 1

milio48@INBook_X1 MINGW64 /d/fz/project/rmte/rmte (main)
$ ./rmte.exe serve --port=8080
Relay Server started on :8080
Host connected. Session: 4f3d986c
Viewer v-e29215aa connected to session 4f3d986c
Viewer v-e29215aa disconnected from session 4f3d986c
Viewer v-e29215aa connected to session 4f3d986c
Viewer v-e29215aa disconnected from session 4f3d986c
Viewer v-e29215aa connected to session 4f3d986c
Viewer v-e29215aa disconnected from session 4f3d986c
Viewer v-e29215aa connected to session 4f3d986c
Viewer v-web-25104aec connected to session 4f3d986c


review terminal 1 :



Terminal 2

milio48@INBook_X1 MINGW64 /d/fz/project/rmte/rmte (main)
$ ./rmte.exe share --server="ws://localhost:8080/ws" --pass="rahasia123"
Session ID: 4f3d986c
Share this ID with viewers to join.
2026/05/17 05:30:02 PTY not supported on Windows, falling back to Pipes for Tab 0
2026/05/17 05:30:18 PTY not supported on Windows, falling back to Pipes for Tab 1
2026/05/17 05:32:12 PTY not supported on Windows, falling back to Pipes for Tab 2
2026/05/17 05:32:15 PTY not supported on Windows, falling back to Pipes for Tab 3
2026/05/17 05:32:36 PTY not supported on Windows, falling back to Pipes for Tab 4



review terminal 2 :



Terminal 3

milio48@INBook_X1 MINGW64 /d/fz/project/rmte/rmte (main)
$ ./rmte.exe join --server="ws://localhost:8080/ws" --id="4f3d986c" --pass="rahasia123"
Connected as 

--- RMTE MENU ---
Current Tab: 0
Available Tabs: [0]
Commands: [j] Join Tab, [n] New Tab, [s] Switch Tab, [q] Quit
> n
Requesting new tab...

--- RMTE MENU ---
Current Tab: 0
Available Tabs: [0 1]
Commands: [j] Join Tab, [n] New Tab, [s] Switch Tab, [q] Quit
> n
Requesting new tab...

--- RMTE MENU ---
Current Tab: 0
Available Tabs: [0 1 2]
Commands: [j] Join Tab, [n] New Tab, [s] Switch Tab, [q] Quit
>
--- RMTE MENU ---


milio48@INBook_X1 MINGW64 /d/fz/project/rmte/rmte (main)
$ # press ctrl+c

milio48@INBook_X1 MINGW64 /d/fz/project/rmte/rmte (main)
$ ./rmte.exe join --server="ws://localhost:8080/ws" --id="4f3d986c" --pass="rahasia123"
Connected as 

--- RMTE MENU ---
Current Tab: 0
Available Tabs: [0]
Commands: [j] Join Tab, [n] New Tab, [s] Switch Tab, [q] Quit
> n
Requesting new tab...

--- RMTE MENU ---
Current Tab: 0
Available Tabs: [0 1 2 3]
Commands: [j] Join Tab, [n] New Tab, [s] Switch Tab, [q] Quit
>

--- RMTE MENU ---
Current Tab: 0
Available Tabs: [0 1 2 3 4]
Commands: [j] Join Tab, [n] New Tab, [s] Switch Tab, [q] Quit
>
--- RMTE MENU ---


milio48@INBook_X1 MINGW64 /d/fz/project/rmte/rmte (main)
$ # available tabs belum update

milio48@INBook_X1 MINGW64 /d/fz/project/rmte/rmte (main)
$ ./rmte.exe join --server="ws://localhost:8080/ws" --id="4f3d986c" --pass="rahasia123"
Connected as 

--- RMTE MENU ---
Current Tab: 0
Available Tabs: [0]
Commands: [j] Join Tab, [n] New Tab, [s] Switch Tab, [q] Quit
> j
Joining Tab 0... (Press Ctrl+] to exit back to menu)
Microsoft Windows [Version 10.0.26200.8457]
(c) Microsoft Corporation. All rights reserved.

D:\fz\project\rmte\rmte>Microsoft Windows [Version 10.0.26200.8457]
(c) Microsoft Corporation. All rights reserved.

D:\fz\project\rmte\rmte># halo from cli
# halo from cli
'#' is not recognized as an internal or external command,
operable program or batch file.

D:\fz\project\rmte\rmte>Microsoft Windows [Version 10.0.26200.8457]
(c) Microsoft Corporation. All rights reserved.

D:\fz\project\rmte\rmte># halo from cli
'#' is not recognized as an internal or external command,
operable program or batch file.

D:\fz\project\rmte\rmte># kenapa duplikat dah?
# kenapa duplikat dah?
'#' is not recognized as an internal or external command,
operable program or batch file.

D:\fz\project\rmte\rmte>
--- RMTE MENU ---
Current Tab: 0
Available Tabs: [0 1 2 3 4]
Commands: [j] Join Tab, [n] New Tab, [s] Switch Tab, [q] Quit
> q

milio48@INBook_X1 MINGW64 /d/fz/project/rmte/rmte (main)
$
review terminal 3 : sudah pencet n, tapi available tabs belum update. aneh lah pokoknya.






Via Web :
[RMTE_DEBUG] {"time":"2026-05-16T22:33:09.846Z","direction":"OUT","type":"auth","payload":{"type":"auth","role":"viewer","session_id":"4f3d986c","viewer_id":"v-web-25104aec"}}
xterm.js:10 [RMTE_DEBUG] {"time":"2026-05-16T22:33:09.849Z","direction":"IN","type":"json","payload":{"type":"auth_success"}}
xterm.js:10 [RMTE_DEBUG] {"time":"2026-05-16T22:33:09.849Z","direction":"OUT","type":"json","payload":{"type":"control","action":"get_tabs"}}
xterm.js:10 [RMTE_DEBUG] {"time":"2026-05-16T22:33:09.850Z","direction":"IN","type":"json","payload":{"action":"tabs_list","tabs":[0,1,2,3,4],"type":"control"}}
xterm.js:10 [RMTE_DEBUG] {"time":"2026-05-16T22:33:09.876Z","direction":"OUT","type":"json","payload":{"type":"control","action":"req_sync","tab_id":0}}
xterm.js:10 [RMTE_DEBUG] {"time":"2026-05-16T22:33:09.885Z","direction":"IN","type":"binary_text","payload":{"tabId":0,"text":"Microsoft Windows [Version 10.0.26200.8457]\r\n(c) Microsoft Corporation. All rights reserved.\r\n\r\nD:\\fz\\project\\rmte\\rmte>"}}
xterm.js:10 [RMTE_DEBUG] {"time":"2026-05-16T22:33:13.736Z","direction":"OUT","type":"json","payload":{"type":"control","action":"req_sync","tab_id":1}}
xterm.js:10 [RMTE_DEBUG] {"time":"2026-05-16T22:33:13.741Z","direction":"IN","type":"binary_text","payload":{"tabId":1,"text":"Microsoft Windows [Version 10.0.26200.8457]\r\n(c) Microsoft Corporation. All rights reserved.\r\n\r\nD:\\fz\\project\\rmte\\rmte>"}}
xterm.js:10 [RMTE_DEBUG] {"time":"2026-05-16T22:33:13.749Z","direction":"OUT","type":"json","payload":{"type":"control","action":"req_sync","tab_id":1}}
xterm.js:10 [RMTE_DEBUG] {"time":"2026-05-16T22:33:13.759Z","direction":"IN","type":"binary_text","payload":{"tabId":1,"text":"Microsoft Windows [Version 10.0.26200.8457]\r\n(c) Microsoft Corporation. All rights reserved.\r\n\r\nD:\\fz\\project\\rmte\\rmte>"}}
xterm.js:10 [RMTE_DEBUG] {"time":"2026-05-16T22:33:15.784Z","direction":"OUT","type":"json","payload":{"type":"control","action":"req_sync","tab_id":2}}
xterm.js:10 [RMTE_DEBUG] {"time":"2026-05-16T22:33:15.791Z","direction":"IN","type":"binary_text","payload":{"tabId":2,"text":"Microsoft Windows [Version 10.0.26200.8457]\r\n(c) Microsoft Corporation. All rights reserved.\r\n\r\nD:\\fz\\project\\rmte\\rmte>"}}
xterm.js:10 [RMTE_DEBUG] {"time":"2026-05-16T22:33:15.800Z","direction":"OUT","type":"json","payload":{"type":"control","action":"req_sync","tab_id":2}}
xterm.js:10 [RMTE_DEBUG] {"time":"2026-05-16T22:33:15.809Z","direction":"IN","type":"binary_text","payload":{"tabId":2,"text":"Microsoft Windows [Version 10.0.26200.8457]\r\n(c) Microsoft Corporation. All rights reserved.\r\n\r\nD:\\fz\\project\\rmte\\rmte>"}}
xterm.js:10 [RMTE_DEBUG] {"time":"2026-05-16T22:33:17.036Z","direction":"OUT","type":"json","payload":{"type":"control","action":"req_sync","tab_id":3}}
xterm.js:10 [RMTE_DEBUG] {"time":"2026-05-16T22:33:17.045Z","direction":"IN","type":"binary_text","payload":{"tabId":3,"text":"Microsoft Windows [Version 10.0.26200.8457]\r\n(c) Microsoft Corporation. All rights reserved.\r\n\r\nD:\\fz\\project\\rmte\\rmte>"}}
xterm.js:10 [RMTE_DEBUG] {"time":"2026-05-16T22:33:17.051Z","direction":"OUT","type":"json","payload":{"type":"control","action":"req_sync","tab_id":3}}
xterm.js:10 [RMTE_DEBUG] {"time":"2026-05-16T22:33:17.059Z","direction":"IN","type":"binary_text","payload":{"tabId":3,"text":"Microsoft Windows [Version 10.0.26200.8457]\r\n(c) Microsoft Corporation. All rights reserved.\r\n\r\nD:\\fz\\project\\rmte\\rmte>"}}
xterm.js:10 [RMTE_DEBUG] {"time":"2026-05-16T22:33:17.952Z","direction":"OUT","type":"json","payload":{"type":"control","action":"req_sync","tab_id":4}}
xterm.js:10 [RMTE_DEBUG] {"time":"2026-05-16T22:33:17.963Z","direction":"IN","type":"binary_text","payload":{"tabId":4,"text":"Microsoft Windows [Version 10.0.26200.8457]\r\n(c) Microsoft Corporation. All rights reserved.\r\n\r\nD:\\fz\\project\\rmte\\rmte>"}}
xterm.js:10 [RMTE_DEBUG] {"time":"2026-05-16T22:33:17.970Z","direction":"OUT","type":"json","payload":{"type":"control","action":"req_sync","tab_id":4}}
xterm.js:10 [RMTE_DEBUG] {"time":"2026-05-16T22:33:17.978Z","direction":"IN","type":"binary_text","payload":{"tabId":4,"text":"Microsoft Windows [Version 10.0.26200.8457]\r\n(c) Microsoft Corporation. All rights reserved.\r\n\r\nD:\\fz\\project\\rmte\\rmte>"}}
xterm.js:10 [RMTE_DEBUG] {"time":"2026-05-16T22:33:22.726Z","direction":"IN","type":"binary_text","payload":{"tabId":0,"text":"#"}}
xterm.js:10 [RMTE_DEBUG] {"time":"2026-05-16T22:33:23.182Z","direction":"IN","type":"binary_text","payload":{"tabId":0,"text":" "}}
xterm.js:10 [RMTE_DEBUG] {"time":"2026-05-16T22:33:23.428Z","direction":"IN","type":"binary_text","payload":{"tabId":0,"text":"h"}}
xterm.js:10 [RMTE_DEBUG] {"time":"2026-05-16T22:33:23.545Z","direction":"IN","type":"binary_text","payload":{"tabId":0,"text":"a"}}
xterm.js:10 [RMTE_DEBUG] {"time":"2026-05-16T22:33:23.697Z","direction":"IN","type":"binary_text","payload":{"tabId":0,"text":"l"}}
xterm.js:10 [RMTE_DEBUG] {"time":"2026-05-16T22:33:23.910Z","direction":"IN","type":"binary_text","payload":{"tabId":0,"text":"o"}}
xterm.js:10 [RMTE_DEBUG] {"time":"2026-05-16T22:33:24.043Z","direction":"IN","type":"binary_text","payload":{"tabId":0,"text":" "}}
xterm.js:10 [RMTE_DEBUG] {"time":"2026-05-16T22:33:24.170Z","direction":"IN","type":"binary_text","payload":{"tabId":0,"text":"f"}}
xterm.js:10 [RMTE_DEBUG] {"time":"2026-05-16T22:33:24.412Z","direction":"IN","type":"binary_text","payload":{"tabId":0,"text":"r"}}
xterm.js:10 [RMTE_DEBUG] {"time":"2026-05-16T22:33:24.535Z","direction":"IN","type":"binary_text","payload":{"tabId":0,"text":"o"}}
xterm.js:10 [RMTE_DEBUG] {"time":"2026-05-16T22:33:24.661Z","direction":"IN","type":"binary_text","payload":{"tabId":0,"text":"m"}}
xterm.js:10 [RMTE_DEBUG] {"time":"2026-05-16T22:33:24.768Z","direction":"IN","type":"binary_text","payload":{"tabId":0,"text":" "}}
xterm.js:10 [RMTE_DEBUG] {"time":"2026-05-16T22:33:25.017Z","direction":"IN","type":"binary_text","payload":{"tabId":0,"text":"c"}}
xterm.js:10 [RMTE_DEBUG] {"time":"2026-05-16T22:33:25.117Z","direction":"IN","type":"binary_text","payload":{"tabId":0,"text":"l"}}
xterm.js:10 [RMTE_DEBUG] {"time":"2026-05-16T22:33:25.184Z","direction":"IN","type":"binary_text","payload":{"tabId":0,"text":"i"}}
xterm.js:10 [RMTE_DEBUG] {"time":"2026-05-16T22:33:25.570Z","direction":"IN","type":"binary_text","payload":{"tabId":0,"text":"\r\n"}}
xterm.js:10 [RMTE_DEBUG] {"time":"2026-05-16T22:33:25.570Z","direction":"IN","type":"binary_text","payload":{"tabId":0,"text":"# halo from cli\n"}}
xterm.js:10 [RMTE_DEBUG] {"time":"2026-05-16T22:33:25.574Z","direction":"IN","type":"binary_text","payload":{"tabId":0,"text":"'#' is not recognized as an internal or external command,\r\noperable program or batch file.\r\n"}}
xterm.js:10 [RMTE_DEBUG] {"time":"2026-05-16T22:33:25.575Z","direction":"IN","type":"binary_text","payload":{"tabId":0,"text":"\r\nD:\\fz\\project\\rmte\\rmte>"}}
xterm.js:10 [RMTE_DEBUG] {"time":"2026-05-16T22:33:28.483Z","direction":"OUT","type":"json","payload":{"type":"control","action":"req_sync","tab_id":0}}
xterm.js:10 [RMTE_DEBUG] {"time":"2026-05-16T22:33:28.496Z","direction":"IN","type":"binary_text","payload":{"tabId":0,"text":"Microsoft Windows [Version 10.0.26200.8457]\r\n(c) Microsoft Corporation. All rights reserved.\r\n\r\nD:\\fz\\project\\rmte\\rmte># halo from cli\n'#' is not recognized as an internal or external command,\r\noperable program or batch file.\r\n\r\nD:\\fz\\project\\rmte\\rmte>"}}
xterm.js:10 [RMTE_DEBUG] {"time":"2026-05-16T22:33:41.721Z","direction":"OUT","type":"binary_text_input","payload":{"tabId":0,"text":"#"}}
xterm.js:10 [RMTE_DEBUG] {"time":"2026-05-16T22:33:41.726Z","direction":"IN","type":"binary_text","payload":{"tabId":0,"text":"#"}}
xterm.js:10 [RMTE_DEBUG] {"time":"2026-05-16T22:33:49.348Z","direction":"OUT","type":"binary_text_input","payload":{"tabId":0,"text":" "}}
xterm.js:10 [RMTE_DEBUG] {"time":"2026-05-16T22:33:49.365Z","direction":"IN","type":"binary_text","payload":{"tabId":0,"text":" "}}
xterm.js:10 [RMTE_DEBUG] {"time":"2026-05-16T22:33:50.071Z","direction":"OUT","type":"binary_text_input","payload":{"tabId":0,"text":"k"}}
xterm.js:10 [RMTE_DEBUG] {"time":"2026-05-16T22:33:50.076Z","direction":"IN","type":"binary_text","payload":{"tabId":0,"text":"k"}}
xterm.js:10 [RMTE_DEBUG] {"time":"2026-05-16T22:33:50.249Z","direction":"OUT","type":"binary_text_input","payload":{"tabId":0,"text":"e"}}
xterm.js:10 [RMTE_DEBUG] {"time":"2026-05-16T22:33:50.260Z","direction":"IN","type":"binary_text","payload":{"tabId":0,"text":"e"}}
xterm.js:10 [RMTE_DEBUG] {"time":"2026-05-16T22:33:50.338Z","direction":"OUT","type":"binary_text_input","payload":{"tabId":0,"text":"n"}}
xterm.js:10 [RMTE_DEBUG] {"time":"2026-05-16T22:33:50.343Z","direction":"IN","type":"binary_text","payload":{"tabId":0,"text":"n"}}
xterm.js:10 [RMTE_DEBUG] {"time":"2026-05-16T22:33:50.444Z","direction":"OUT","type":"binary_text_input","payload":{"tabId":0,"text":"a"}}
xterm.js:10 [RMTE_DEBUG] {"time":"2026-05-16T22:33:50.460Z","direction":"IN","type":"binary_text","payload":{"tabId":0,"text":"a"}}
xterm.js:10 [RMTE_DEBUG] {"time":"2026-05-16T22:33:50.547Z","direction":"OUT","type":"binary_text_input","payload":{"tabId":0,"text":"p"}}
xterm.js:10 [RMTE_DEBUG] {"time":"2026-05-16T22:33:50.560Z","direction":"IN","type":"binary_text","payload":{"tabId":0,"text":"p"}}
xterm.js:10 [RMTE_DEBUG] {"time":"2026-05-16T22:33:50.639Z","direction":"OUT","type":"binary_text_input","payload":{"tabId":0,"text":"a"}}
xterm.js:10 [RMTE_DEBUG] {"time":"2026-05-16T22:33:50.644Z","direction":"IN","type":"binary_text","payload":{"tabId":0,"text":"a"}}
xterm.js:10 [RMTE_DEBUG] {"time":"2026-05-16T22:33:50.720Z","direction":"OUT","type":"binary_text_input","payload":{"tabId":0,"text":" "}}
xterm.js:10 [RMTE_DEBUG] {"time":"2026-05-16T22:33:50.730Z","direction":"IN","type":"binary_text","payload":{"tabId":0,"text":" "}}
xterm.js:10 [RMTE_DEBUG] {"time":"2026-05-16T22:33:50.855Z","direction":"OUT","type":"binary_text_input","payload":{"tabId":0,"text":"d"}}
xterm.js:10 [RMTE_DEBUG] {"time":"2026-05-16T22:33:50.859Z","direction":"IN","type":"binary_text","payload":{"tabId":0,"text":"d"}}
xterm.js:10 [RMTE_DEBUG] {"time":"2026-05-16T22:33:50.936Z","direction":"OUT","type":"binary_text_input","payload":{"tabId":0,"text":"u"}}
xterm.js:10 [RMTE_DEBUG] {"time":"2026-05-16T22:33:50.943Z","direction":"IN","type":"binary_text","payload":{"tabId":0,"text":"u"}}
xterm.js:10 [RMTE_DEBUG] {"time":"2026-05-16T22:33:51.529Z","direction":"OUT","type":"binary_text_input","payload":{"tabId":0,"text":"p"}}
xterm.js:10 [RMTE_DEBUG] {"time":"2026-05-16T22:33:51.543Z","direction":"IN","type":"binary_text","payload":{"tabId":0,"text":"p"}}
xterm.js:10 [RMTE_DEBUG] {"time":"2026-05-16T22:33:51.739Z","direction":"OUT","type":"binary_text_input","payload":{"tabId":0,"text":"l"}}
xterm.js:10 [RMTE_DEBUG] {"time":"2026-05-16T22:33:51.744Z","direction":"IN","type":"binary_text","payload":{"tabId":0,"text":"l"}}
xterm.js:10 [RMTE_DEBUG] {"time":"2026-05-16T22:33:51.814Z","direction":"OUT","type":"binary_text_input","payload":{"tabId":0,"text":"i"}}
xterm.js:10 [RMTE_DEBUG] {"time":"2026-05-16T22:33:51.827Z","direction":"IN","type":"binary_text","payload":{"tabId":0,"text":"i"}}
xterm.js:10 [RMTE_DEBUG] {"time":"2026-05-16T22:33:51.982Z","direction":"OUT","type":"binary_text_input","payload":{"tabId":0,"text":"k"}}
xterm.js:10 [RMTE_DEBUG] {"time":"2026-05-16T22:33:51.995Z","direction":"IN","type":"binary_text","payload":{"tabId":0,"text":"k"}}
xterm.js:10 [RMTE_DEBUG] {"time":"2026-05-16T22:33:52.083Z","direction":"OUT","type":"binary_text_input","payload":{"tabId":0,"text":"a"}}
xterm.js:10 [RMTE_DEBUG] {"time":"2026-05-16T22:33:52.093Z","direction":"IN","type":"binary_text","payload":{"tabId":0,"text":"a"}}
xterm.js:10 [RMTE_DEBUG] {"time":"2026-05-16T22:33:52.254Z","direction":"OUT","type":"binary_text_input","payload":{"tabId":0,"text":"t"}}
xterm.js:10 [RMTE_DEBUG] {"time":"2026-05-16T22:33:52.263Z","direction":"IN","type":"binary_text","payload":{"tabId":0,"text":"t"}}
xterm.js:10 [RMTE_DEBUG] {"time":"2026-05-16T22:33:52.428Z","direction":"OUT","type":"binary_text_input","payload":{"tabId":0,"text":" "}}
xterm.js:10 [RMTE_DEBUG] {"time":"2026-05-16T22:33:52.448Z","direction":"IN","type":"binary_text","payload":{"tabId":0,"text":" "}}
xterm.js:10 [RMTE_DEBUG] {"time":"2026-05-16T22:33:52.534Z","direction":"OUT","type":"binary_text_input","payload":{"tabId":0,"text":"d"}}
xterm.js:10 [RMTE_DEBUG] {"time":"2026-05-16T22:33:52.543Z","direction":"IN","type":"binary_text","payload":{"tabId":0,"text":"d"}}
xterm.js:10 [RMTE_DEBUG] {"time":"2026-05-16T22:33:52.604Z","direction":"OUT","type":"binary_text_input","payload":{"tabId":0,"text":"a"}}
xterm.js:10 [RMTE_DEBUG] {"time":"2026-05-16T22:33:52.609Z","direction":"IN","type":"binary_text","payload":{"tabId":0,"text":"a"}}
xterm.js:10 [RMTE_DEBUG] {"time":"2026-05-16T22:33:52.738Z","direction":"OUT","type":"binary_text_input","payload":{"tabId":0,"text":"h"}}
xterm.js:10 [RMTE_DEBUG] {"time":"2026-05-16T22:33:52.743Z","direction":"IN","type":"binary_text","payload":{"tabId":0,"text":"h"}}
xterm.js:10 [RMTE_DEBUG] {"time":"2026-05-16T22:33:53.099Z","direction":"OUT","type":"binary_text_input","payload":{"tabId":0,"text":"?"}}
xterm.js:10 [RMTE_DEBUG] {"time":"2026-05-16T22:33:53.110Z","direction":"IN","type":"binary_text","payload":{"tabId":0,"text":"?"}}
xterm.js:10 [RMTE_DEBUG] {"time":"2026-05-16T22:33:54.020Z","direction":"OUT","type":"binary_text_input","payload":{"tabId":0,"text":"\r"}}
xterm.js:10 [RMTE_DEBUG] {"time":"2026-05-16T22:33:54.029Z","direction":"IN","type":"binary_text","payload":{"tabId":0,"text":"\r\n"}}
xterm.js:10 [RMTE_DEBUG] {"time":"2026-05-16T22:33:54.030Z","direction":"IN","type":"binary_text","payload":{"tabId":0,"text":"# kenapa duplikat dah?\n"}}
xterm.js:10 [RMTE_DEBUG] {"time":"2026-05-16T22:33:54.032Z","direction":"IN","type":"binary_text","payload":{"tabId":0,"text":"'#' is not recognized as an internal or external command,\r\noperable program or batch file.\r\n"}}
xterm.js:10 [RMTE_DEBUG] {"time":"2026-05-16T22:33:54.036Z","direction":"IN","type":"binary_text","payload":{"tabId":0,"text":"\r\n"}}
xterm.js:10 [RMTE_DEBUG] {"time":"2026-05-16T22:33:54.037Z","direction":"IN","type":"binary_text","payload":{"tabId":0,"text":"D:\\fz\\project\\rmte\\rmte>"}}
xterm.js:10 [RMTE_DEBUG] {"time":"2026-05-16T22:35:12.383Z","direction":"IN","type":"binary_text","payload":{"tabId":0,"text":"\u0003"}}
xterm.js:10 [RMTE_DEBUG] {"time":"2026-05-16T22:35:14.841Z","direction":"IN","type":"binary_text","payload":{"tabId":0,"text":"\u0003"}}
review web :

D:\fz\project\rmte\rmte>whoami
whoami
milio48


kenapa whoami di-print 2x?